2018-08-09 21:01:23,668 INFO  [Main] o.s.c.s.ClassPathXmlApplicationContext: Refreshing org.springframework.context.support.ClassPathXmlApplicationContext@621f1956: startup date [Thu Aug 09 21:01:23 CEST 2018]; parent: ApplicationContext 'daoContext'
2018-08-09 21:01:23,671 INFO  [Main] o.s.b.f.x.XmlBeanDefinitionReader: Loading XML bean definitions from class path resource [META-INF/opennms/applicationContext-pollerd.xml]
2018-08-09 21:01:23,754 INFO  [Main] o.s.b.f.x.XmlBeanDefinitionReader: Loading XML bean definitions from class path resource [META-INF/opennms/applicationContext-rpc-poller.xml]
2018-08-09 21:01:23,782 INFO  [Main] o.s.b.f.a.AutowiredAnnotationBeanPostProcessor: JSR-330 'javax.inject.Inject' annotation found and supported for autowiring
2018-08-09 21:01:24,461 INFO  [Main] o.s.c.s.ClassPathXmlApplicationContext: Refreshing org.springframework.context.support.ClassPathXmlApplicationContext@432a9b1a: startup date [Thu Aug 09 21:01:24 CEST 2018]; parent: ApplicationContext 'daoContext'
2018-08-09 21:01:24,461 INFO  [Main] o.s.b.f.x.XmlBeanDefinitionReader: Loading XML bean definitions from class path resource [META-INF/opennms/applicationContext-pollerBackEnd.xml]
2018-08-09 21:01:24,483 INFO  [Main] o.s.b.f.x.XmlBeanDefinitionReader: Loading XML bean definitions from class path resource [META-INF/opennms/applicationContext-exportedPollerBackEnd-rmi.xml]
2018-08-09 21:01:24,490 INFO  [Main] o.s.b.f.x.XmlBeanDefinitionReader: Loading XML bean definitions from class path resource [META-INF/opennms/applicationContext-exportedPollerBackEnd-http.xml]
2018-08-09 21:01:24,534 INFO  [Main] o.s.b.f.a.AutowiredAnnotationBeanPostProcessor: JSR-330 'javax.inject.Inject' annotation found and supported for autowiring
2018-08-09 21:01:24,725 INFO  [Main] o.q.i.StdSchedulerFactory: Using default implementation for ThreadExecutor
2018-08-09 21:01:24,773 INFO  [Main] o.q.c.SchedulerSignalerImpl: Initialized Scheduler Signaller of type: class org.quartz.core.SchedulerSignalerImpl
2018-08-09 21:01:24,774 INFO  [Main] o.q.c.QuartzScheduler: Quartz Scheduler v.2.2.3 created.
2018-08-09 21:01:24,775 INFO  [Main] o.q.s.RAMJobStore: RAMJobStore initialized.
2018-08-09 21:01:24,777 INFO  [Main] o.q.c.QuartzScheduler: Scheduler meta-data: Quartz Scheduler (v2.2.3) 'PollerBackEnd' with instanceId 'NON_CLUSTERED'
  Scheduler class: 'org.quartz.core.QuartzScheduler' - running locally.
  NOT STARTED.
  Currently in standby mode.
  Number of jobs executed: 0
  Using thread pool 'org.quartz.simpl.SimpleThreadPool' - with 10 threads.
  Using job-store 'org.quartz.simpl.RAMJobStore' - which does not support persistence. and is not clustered.

2018-08-09 21:01:24,777 INFO  [Main] o.q.i.StdSchedulerFactory: Quartz scheduler 'PollerBackEnd' initialized from an externally provided properties instance.
2018-08-09 21:01:24,777 INFO  [Main] o.q.i.StdSchedulerFactory: Quartz scheduler version: 2.2.3
2018-08-09 21:01:24,780 INFO  [Main] o.q.c.QuartzScheduler: JobFactory set to: org.springframework.scheduling.quartz.AdaptableJobFactory@1796fa99
2018-08-09 21:01:24,813 INFO  [Main] o.s.r.r.RmiServiceExporter: Looking for RMI registry at port '1099'
2018-08-09 21:01:24,832 INFO  [Main] o.s.r.r.RmiServiceExporter: Could not detect RMI registry - creating new one
2018-08-09 21:01:24,859 INFO  [Main] o.s.r.r.RmiServiceExporter: Binding service 'pollerBackEnd' to RMI registry: RegistryImpl[UnicastServerRef [liveRef: [endpoint:[localhost:1099](local),objID:[0:0:0, 0]]]]
2018-08-09 21:01:24,907 INFO  [Main] o.s.c.s.DefaultLifecycleProcessor: Starting beans in phase 2147483647
2018-08-09 21:01:24,907 INFO  [Main] o.s.s.q.SchedulerFactoryBean: Starting Quartz Scheduler now
2018-08-09 21:01:24,907 INFO  [Main] o.q.c.QuartzScheduler: Scheduler PollerBackEnd_$_NON_CLUSTERED started.
2018-08-09 21:05:54,011 INFO  [Main] o.s.c.s.ClassPathXmlApplicationContext: Refreshing org.springframework.context.support.ClassPathXmlApplicationContext@113846d7: startup date [Thu Aug 09 21:05:54 CEST 2018]; parent: ApplicationContext 'daoContext'
2018-08-09 21:05:54,018 INFO  [Main] o.s.b.f.x.XmlBeanDefinitionReader: Loading XML bean definitions from class path resource [META-INF/opennms/applicationContext-pollerd.xml]
2018-08-09 21:05:54,036 INFO  [Main] o.s.b.f.x.XmlBeanDefinitionReader: Loading XML bean definitions from class path resource [META-INF/opennms/applicationContext-rpc-poller.xml]
2018-08-09 21:05:54,061 INFO  [Main] o.s.b.f.a.AutowiredAnnotationBeanPostProcessor: JSR-330 'javax.inject.Inject' annotation found and supported for autowiring
2018-08-09 21:05:54,769 INFO  [Main] o.s.c.s.ClassPathXmlApplicationContext: Refreshing org.springframework.context.support.ClassPathXmlApplicationContext@1675f2a0: startup date [Thu Aug 09 21:05:54 CEST 2018]; parent: ApplicationContext 'daoContext'
2018-08-09 21:05:54,770 INFO  [Main] o.s.b.f.x.XmlBeanDefinitionReader: Loading XML bean definitions from class path resource [META-INF/opennms/applicationContext-pollerBackEnd.xml]
2018-08-09 21:05:54,790 INFO  [Main] o.s.b.f.x.XmlBeanDefinitionReader: Loading XML bean definitions from class path resource [META-INF/opennms/applicationContext-exportedPollerBackEnd-rmi.xml]
2018-08-09 21:05:54,797 INFO  [Main] o.s.b.f.x.XmlBeanDefinitionReader: Loading XML bean definitions from class path resource [META-INF/opennms/applicationContext-exportedPollerBackEnd-http.xml]
2018-08-09 21:05:54,909 INFO  [Main] o.s.b.f.a.AutowiredAnnotationBeanPostProcessor: JSR-330 'javax.inject.Inject' annotation found and supported for autowiring
2018-08-09 21:05:55,098 INFO  [Main] o.q.i.StdSchedulerFactory: Using default implementation for ThreadExecutor
2018-08-09 21:05:55,151 INFO  [Main] o.q.c.SchedulerSignalerImpl: Initialized Scheduler Signaller of type: class org.quartz.core.SchedulerSignalerImpl
2018-08-09 21:05:55,152 INFO  [Main] o.q.c.QuartzScheduler: Quartz Scheduler v.2.2.3 created.
2018-08-09 21:05:55,153 INFO  [Main] o.q.s.RAMJobStore: RAMJobStore initialized.
2018-08-09 21:05:55,155 INFO  [Main] o.q.c.QuartzScheduler: Scheduler meta-data: Quartz Scheduler (v2.2.3) 'PollerBackEnd' with instanceId 'NON_CLUSTERED'
  Scheduler class: 'org.quartz.core.QuartzScheduler' - running locally.
  NOT STARTED.
  Currently in standby mode.
  Number of jobs executed: 0
  Using thread pool 'org.quartz.simpl.SimpleThreadPool' - with 10 threads.
  Using job-store 'org.quartz.simpl.RAMJobStore' - which does not support persistence. and is not clustered.

2018-08-09 21:05:55,155 INFO  [Main] o.q.i.StdSchedulerFactory: Quartz scheduler 'PollerBackEnd' initialized from an externally provided properties instance.
2018-08-09 21:05:55,155 INFO  [Main] o.q.i.StdSchedulerFactory: Quartz scheduler version: 2.2.3
2018-08-09 21:05:55,158 INFO  [Main] o.q.c.QuartzScheduler: JobFactory set to: org.springframework.scheduling.quartz.AdaptableJobFactory@3032b190
2018-08-09 21:05:55,192 INFO  [Main] o.s.r.r.RmiServiceExporter: Looking for RMI registry at port '1099'
2018-08-09 21:05:55,213 INFO  [Main] o.s.r.r.RmiServiceExporter: Could not detect RMI registry - creating new one
2018-08-09 21:05:55,239 INFO  [Main] o.s.r.r.RmiServiceExporter: Binding service 'pollerBackEnd' to RMI registry: RegistryImpl[UnicastServerRef [liveRef: [endpoint:[localhost:1099](local),objID:[0:0:0, 0]]]]
2018-08-09 21:05:55,288 INFO  [Main] o.s.c.s.DefaultLifecycleProcessor: Starting beans in phase 2147483647
2018-08-09 21:05:55,288 INFO  [Main] o.s.s.q.SchedulerFactoryBean: Starting Quartz Scheduler now
2018-08-09 21:05:55,288 INFO  [Main] o.q.c.QuartzScheduler: Scheduler PollerBackEnd_$_NON_CLUSTERED started.
2018-08-09 23:02:21,497 ERROR [Poller:PollerEventProcessor-Thread] o.o.n.p.PollerEventProcessor: Interface 576/10.0.0.1 does not exist in pollable node map, unable to delete node.
