2018-08-09 21:01:27,392 INFO  [Main] o.s.c.s.ClassPathXmlApplicationContext: Refreshing org.springframework.context.support.ClassPathXmlApplicationContext@5ce766d3: startup date [Thu Aug 09 21:01:27 CEST 2018]; parent: ApplicationContext 'daoContext'
2018-08-09 21:01:27,396 INFO  [Main] o.s.b.f.x.XmlBeanDefinitionReader: Loading XML bean definitions from class path resource [META-INF/opennms/applicationContext-reportd.xml]
2018-08-09 21:01:27,436 INFO  [Main] o.s.b.f.a.AutowiredAnnotationBeanPostProcessor: JSR-330 'javax.inject.Inject' annotation found and supported for autowiring
2018-08-09 21:01:27,462 INFO  [Main] o.q.i.StdSchedulerFactory: Using default implementation for ThreadExecutor
2018-08-09 21:01:27,465 INFO  [Main] o.q.c.SchedulerSignalerImpl: Initialized Scheduler Signaller of type: class org.quartz.core.SchedulerSignalerImpl
2018-08-09 21:01:27,465 INFO  [Main] o.q.c.QuartzScheduler: Quartz Scheduler v.2.2.3 created.
2018-08-09 21:01:27,465 INFO  [Main] o.q.s.RAMJobStore: RAMJobStore initialized.
2018-08-09 21:01:27,465 INFO  [Main] o.q.c.QuartzScheduler: Scheduler meta-data: Quartz Scheduler (v2.2.3) 'reportd' with instanceId 'NON_CLUSTERED'
  Scheduler class: 'org.quartz.core.QuartzScheduler' - running locally.
  NOT STARTED.
  Currently in standby mode.
  Number of jobs executed: 0
  Using thread pool 'org.quartz.simpl.SimpleThreadPool' - with 10 threads.
  Using job-store 'org.quartz.simpl.RAMJobStore' - which does not support persistence. and is not clustered.

2018-08-09 21:01:27,465 INFO  [Main] o.q.i.StdSchedulerFactory: Quartz scheduler 'reportd' initialized from an externally provided properties instance.
2018-08-09 21:01:27,465 INFO  [Main] o.q.i.StdSchedulerFactory: Quartz scheduler version: 2.2.3
2018-08-09 21:01:27,465 INFO  [Main] o.q.c.QuartzScheduler: JobFactory set to: org.springframework.scheduling.quartz.AdaptableJobFactory@796c7c11
2018-08-09 21:01:27,504 INFO  [Main] o.q.c.QuartzScheduler: JobFactory set to: org.opennms.netmgt.reporting.service.ReportJobFactory@7eca0d70
2018-08-09 21:01:27,539 INFO  [Main] o.s.c.s.DefaultLifecycleProcessor: Starting beans in phase 2147483647
2018-08-09 21:01:27,539 INFO  [Main] o.s.s.q.SchedulerFactoryBean: Starting Quartz Scheduler now
2018-08-09 21:01:27,539 INFO  [Main] o.q.c.QuartzScheduler: Scheduler reportd_$_NON_CLUSTERED started.
2018-08-09 21:01:30,787 INFO  [Main] o.q.c.QuartzScheduler: Scheduler reportd_$_NON_CLUSTERED started.
2018-08-09 21:05:58,044 INFO  [Main] o.s.c.s.ClassPathXmlApplicationContext: Refreshing org.springframework.context.support.ClassPathXmlApplicationContext@59f50951: startup date [Thu Aug 09 21:05:58 CEST 2018]; parent: ApplicationContext 'daoContext'
2018-08-09 21:05:58,052 INFO  [Main] o.s.b.f.x.XmlBeanDefinitionReader: Loading XML bean definitions from class path resource [META-INF/opennms/applicationContext-reportd.xml]
2018-08-09 21:05:58,096 INFO  [Main] o.s.b.f.a.AutowiredAnnotationBeanPostProcessor: JSR-330 'javax.inject.Inject' annotation found and supported for autowiring
2018-08-09 21:05:58,123 INFO  [Main] o.q.i.StdSchedulerFactory: Using default implementation for ThreadExecutor
2018-08-09 21:05:58,126 INFO  [Main] o.q.c.SchedulerSignalerImpl: Initialized Scheduler Signaller of type: class org.quartz.core.SchedulerSignalerImpl
2018-08-09 21:05:58,126 INFO  [Main] o.q.c.QuartzScheduler: Quartz Scheduler v.2.2.3 created.
2018-08-09 21:05:58,126 INFO  [Main] o.q.s.RAMJobStore: RAMJobStore initialized.
2018-08-09 21:05:58,126 INFO  [Main] o.q.c.QuartzScheduler: Scheduler meta-data: Quartz Scheduler (v2.2.3) 'reportd' with instanceId 'NON_CLUSTERED'
  Scheduler class: 'org.quartz.core.QuartzScheduler' - running locally.
  NOT STARTED.
  Currently in standby mode.
  Number of jobs executed: 0
  Using thread pool 'org.quartz.simpl.SimpleThreadPool' - with 10 threads.
  Using job-store 'org.quartz.simpl.RAMJobStore' - which does not support persistence. and is not clustered.

2018-08-09 21:05:58,126 INFO  [Main] o.q.i.StdSchedulerFactory: Quartz scheduler 'reportd' initialized from an externally provided properties instance.
2018-08-09 21:05:58,126 INFO  [Main] o.q.i.StdSchedulerFactory: Quartz scheduler version: 2.2.3
2018-08-09 21:05:58,126 INFO  [Main] o.q.c.QuartzScheduler: JobFactory set to: org.springframework.scheduling.quartz.AdaptableJobFactory@d8839f6
2018-08-09 21:05:58,183 INFO  [Main] o.q.c.QuartzScheduler: JobFactory set to: org.opennms.netmgt.reporting.service.ReportJobFactory@4a75065
2018-08-09 21:05:58,219 INFO  [Main] o.s.c.s.DefaultLifecycleProcessor: Starting beans in phase 2147483647
2018-08-09 21:05:58,219 INFO  [Main] o.s.s.q.SchedulerFactoryBean: Starting Quartz Scheduler now
2018-08-09 21:05:58,219 INFO  [Main] o.q.c.QuartzScheduler: Scheduler reportd_$_NON_CLUSTERED started.
2018-08-09 21:06:00,364 INFO  [Main] o.q.c.QuartzScheduler: Scheduler reportd_$_NON_CLUSTERED started.
