2018-08-09 21:01:23,515 INFO  [Main] o.s.c.s.ClassPathXmlApplicationContext: Refreshing org.springframework.context.support.ClassPathXmlApplicationContext@41ba4279: startup date [Thu Aug 09 21:01:23 CEST 2018]; parent: ApplicationContext 'daoContext'
2018-08-09 21:01:23,518 INFO  [Main] o.s.b.f.x.XmlBeanDefinitionReader: Loading XML bean definitions from class path resource [META-INF/opennms/applicationContext-rtc.xml]
2018-08-09 21:01:23,543 INFO  [Main] o.s.b.f.a.AutowiredAnnotationBeanPostProcessor: JSR-330 'javax.inject.Inject' annotation found and supported for autowiring
2018-08-09 21:01:36,938 WARN  [DataSender-Thread-1-of-5] o.o.n.r.DataSender: DataSender:  Unable to send category 'Email Servers' to URL 'http://localhost:8980/opennms/rtc/post/Email+Servers': Connection refused (Connection refused)
2018-08-09 21:01:36,943 WARN  [DataSender-Thread-1-of-5] o.o.n.r.DataSender: DataSender:  Unable to send category 'DNS and DHCP Servers' to URL 'http://localhost:8980/opennms/rtc/post/DNS+and+DHCP+Servers': Connection refused (Connection refused)
2018-08-09 21:01:37,041 WARN  [DataSender-Thread-1-of-5] o.o.n.r.DataSender: DataSender:  Unable to send category 'Web Servers' to URL 'http://localhost:8980/opennms/rtc/post/Web+Servers': Connection refused (Connection refused)
2018-08-09 21:01:37,423 WARN  [DataSender-Thread-1-of-5] o.o.n.r.DataSender: DataSender:  Unable to send category 'Network Interfaces' to URL 'http://localhost:8980/opennms/rtc/post/Network+Interfaces': Connection refused (Connection refused)
2018-08-09 21:01:37,429 WARN  [DataSender-Thread-1-of-5] o.o.n.r.DataSender: DataSender:  Unable to send category 'JMX Servers' to URL 'http://localhost:8980/opennms/rtc/post/JMX+Servers': Connection refused (Connection refused)
2018-08-09 21:01:37,467 WARN  [DataSender-Thread-1-of-5] o.o.n.r.DataSender: DataSender:  Unable to send category 'Other Servers' to URL 'http://localhost:8980/opennms/rtc/post/Other+Servers': Connection refused (Connection refused)
2018-08-09 21:01:38,309 WARN  [DataSender-Thread-1-of-5] o.o.n.r.DataSender: DataSender:  Unable to send category 'Overall Service Availability' to URL 'http://localhost:8980/opennms/rtc/post/Overall+Service+Availability': Connection refused (Connection refused)
2018-08-09 21:01:38,318 WARN  [DataSender-Thread-1-of-5] o.o.n.r.DataSender: DataSender:  Unable to send category 'Database Servers' to URL 'http://localhost:8980/opennms/rtc/post/Database+Servers': Connection refused (Connection refused)
2018-08-09 21:01:56,883 WARN  [DataSender-Thread-1-of-5] o.o.n.r.DataSender: DataSender:  Unable to send category 'Network Interfaces' to URL 'http://localhost:8980/opennms/rtc/post/Network+Interfaces': Connection refused (Connection refused)
2018-08-09 21:01:56,909 WARN  [DataSender-Thread-1-of-5] o.o.n.r.DataSender: DataSender:  Unable to send category 'Web Servers' to URL 'http://localhost:8980/opennms/rtc/post/Web+Servers': Connection refused (Connection refused)
2018-08-09 21:01:56,924 WARN  [DataSender-Thread-1-of-5] o.o.n.r.DataSender: DataSender:  Unable to send category 'Email Servers' to URL 'http://localhost:8980/opennms/rtc/post/Email+Servers': Connection refused (Connection refused)
2018-08-09 21:01:56,943 WARN  [DataSender-Thread-1-of-5] o.o.n.r.DataSender: DataSender:  Unable to send category 'Other Servers' to URL 'http://localhost:8980/opennms/rtc/post/Other+Servers': Connection refused (Connection refused)
2018-08-09 21:01:56,951 WARN  [DataSender-Thread-1-of-5] o.o.n.r.DataSender: DataSender:  Unable to send category 'Database Servers' to URL 'http://localhost:8980/opennms/rtc/post/Database+Servers': Connection refused (Connection refused)
2018-08-09 21:01:56,954 WARN  [DataSender-Thread-1-of-5] o.o.n.r.DataSender: DataSender:  Unable to send category 'JMX Servers' to URL 'http://localhost:8980/opennms/rtc/post/JMX+Servers': Connection refused (Connection refused)
2018-08-09 21:01:57,390 WARN  [DataSender-Thread-1-of-5] o.o.n.r.DataSender: DataSender:  Unable to send category 'Overall Service Availability' to URL 'http://localhost:8980/opennms/rtc/post/Overall+Service+Availability': Connection refused (Connection refused)
2018-08-09 21:01:57,394 WARN  [DataSender-Thread-1-of-5] o.o.n.r.DataSender: DataSender:  Unable to send category 'DNS and DHCP Servers' to URL 'http://localhost:8980/opennms/rtc/post/DNS+and+DHCP+Servers': Connection refused (Connection refused)
2018-08-09 21:05:53,806 INFO  [Main] o.s.c.s.ClassPathXmlApplicationContext: Refreshing org.springframework.context.support.ClassPathXmlApplicationContext@6df6df6: startup date [Thu Aug 09 21:05:53 CEST 2018]; parent: ApplicationContext 'daoContext'
2018-08-09 21:05:53,828 INFO  [Main] o.s.b.f.x.XmlBeanDefinitionReader: Loading XML bean definitions from class path resource [META-INF/opennms/applicationContext-rtc.xml]
2018-08-09 21:05:53,881 INFO  [Main] o.s.b.f.a.AutowiredAnnotationBeanPostProcessor: JSR-330 'javax.inject.Inject' annotation found and supported for autowiring
2018-08-09 21:06:08,606 WARN  [DataSender-Thread-1-of-5] o.o.n.r.DataSender: DataSender:  Unable to send category 'DNS and DHCP Servers' to URL 'http://localhost:8980/opennms/rtc/post/DNS+and+DHCP+Servers': Connection refused (Connection refused)
2018-08-09 21:06:08,841 WARN  [DataSender-Thread-1-of-5] o.o.n.r.DataSender: DataSender:  Unable to send category 'Network Interfaces' to URL 'http://localhost:8980/opennms/rtc/post/Network+Interfaces': Connection refused (Connection refused)
2018-08-09 21:06:08,855 WARN  [DataSender-Thread-1-of-5] o.o.n.r.DataSender: DataSender:  Unable to send category 'Other Servers' to URL 'http://localhost:8980/opennms/rtc/post/Other+Servers': Connection refused (Connection refused)
2018-08-09 21:06:08,859 WARN  [DataSender-Thread-1-of-5] o.o.n.r.DataSender: DataSender:  Unable to send category 'Email Servers' to URL 'http://localhost:8980/opennms/rtc/post/Email+Servers': Connection refused (Connection refused)
2018-08-09 21:06:08,876 WARN  [DataSender-Thread-1-of-5] o.o.n.r.DataSender: DataSender:  Unable to send category 'Web Servers' to URL 'http://localhost:8980/opennms/rtc/post/Web+Servers': Connection refused (Connection refused)
2018-08-09 21:06:08,986 WARN  [DataSender-Thread-1-of-5] o.o.n.r.DataSender: DataSender:  Unable to send category 'Overall Service Availability' to URL 'http://localhost:8980/opennms/rtc/post/Overall+Service+Availability': Connection refused (Connection refused)
2018-08-09 21:06:08,990 WARN  [DataSender-Thread-1-of-5] o.o.n.r.DataSender: DataSender:  Unable to send category 'JMX Servers' to URL 'http://localhost:8980/opennms/rtc/post/JMX+Servers': Connection refused (Connection refused)
2018-08-09 21:06:08,993 WARN  [DataSender-Thread-1-of-5] o.o.n.r.DataSender: DataSender:  Unable to send category 'Database Servers' to URL 'http://localhost:8980/opennms/rtc/post/Database+Servers': Connection refused (Connection refused)
2018-08-09 21:06:27,643 WARN  [DataSender-Thread-1-of-5] o.o.n.r.DataSender: DataSender:  Unable to send category 'Network Interfaces' to URL 'http://localhost:8980/opennms/rtc/post/Network+Interfaces': Connection refused (Connection refused)
2018-08-09 21:06:27,683 WARN  [DataSender-Thread-1-of-5] o.o.n.r.DataSender: DataSender:  Unable to send category 'Web Servers' to URL 'http://localhost:8980/opennms/rtc/post/Web+Servers': Connection refused (Connection refused)
2018-08-09 21:06:27,689 WARN  [DataSender-Thread-1-of-5] o.o.n.r.DataSender: DataSender:  Unable to send category 'DNS and DHCP Servers' to URL 'http://localhost:8980/opennms/rtc/post/DNS+and+DHCP+Servers': Connection refused (Connection refused)
2018-08-09 21:06:27,695 WARN  [DataSender-Thread-1-of-5] o.o.n.r.DataSender: DataSender:  Unable to send category 'Email Servers' to URL 'http://localhost:8980/opennms/rtc/post/Email+Servers': Connection refused (Connection refused)
2018-08-09 21:06:27,720 WARN  [DataSender-Thread-1-of-5] o.o.n.r.DataSender: DataSender:  Unable to send category 'Other Servers' to URL 'http://localhost:8980/opennms/rtc/post/Other+Servers': Connection refused (Connection refused)
2018-08-09 21:06:27,726 WARN  [DataSender-Thread-1-of-5] o.o.n.r.DataSender: DataSender:  Unable to send category 'Database Servers' to URL 'http://localhost:8980/opennms/rtc/post/Database+Servers': Connection refused (Connection refused)
2018-08-09 21:06:27,731 WARN  [DataSender-Thread-1-of-5] o.o.n.r.DataSender: DataSender:  Unable to send category 'JMX Servers' to URL 'http://localhost:8980/opennms/rtc/post/JMX+Servers': Connection refused (Connection refused)
2018-08-09 21:06:27,932 WARN  [DataSender-Thread-1-of-5] o.o.n.r.DataSender: DataSender:  Unable to send category 'Overall Service Availability' to URL 'http://localhost:8980/opennms/rtc/post/Overall+Service+Availability': Connection refused (Connection refused)
